<?xml version="1.0" encoding="UTF-8"?>
<!-- Generated by org.testng.reporters.JUnitReportReporter -->
<testsuite hostname="BALAJI" name="com.web.tests.Views.ViewTests" tests="1" failures="0" timestamp="20 Mar 2017 13:13:46 GMT" time="75.976" errors="0">
  <testcase name="creatingView" time="75.976" classname="com.web.tests.Views.ViewTests"/>
</testsuite> <!-- com.web.tests.Views.ViewTests -->
